# JRE version: OpenJDK Runtime Environment Temurin-23.0.1+11 (23.0.1+11) (build 23.0.1+11)
# Java VM: OpenJDK 64-Bit Server VM Temurin-23.0.1+11 (23.0.1+11, mixed mode, sharing, tiered, compressed oops, compressed class ptrs, g1 gc, windows-amd64)
GC Precious Log:
 CardTable entry size: 512
 Card Set container configuration: InlinePtr #cards 5 size 8 Array Of Cards #cards 10 size 36 Howl #buckets 4 coarsen threshold 1843 Howl Bitmap #cards 512 size 80 coarsen threshold 460 Card regions per heap region 1 cards per card region 2048
 CPUs: 4 total, 4 available
 Memory: 8066M
 Large Page Support: Disabled
 NUMA Support: Disabled
 Compressed Oops: Enabled (32-bit)
 Heap Region Size: 1M
 Heap Min Capacity: 8M
 Heap Initial Capacity: 128M
 Heap Max Capacity: 2018M
 Pre-touch: Disabled
 Parallel Workers: 4
 Concurrent Workers: 1
 Concurrent Refinement Workers: 4
 Periodic GC: Disabled
Heap:
 garbage-first heap   total reserved 2066432K, committed 76800K, used 48878K [0x0000000081e00000, 0x0000000100000000)
  region size 1024K, 14 young (14336K), 1 survivors (1024K)
 Metaspace       used 83220K, committed 84224K, reserved 1179648K
  class space    used 10817K, committed 11264K, reserved 1048576K
GC Heap History (20 events):
Event: 881.732 GC heap after
{Heap after GC invocations=101 (full 12):
 garbage-first heap   total reserved 2066432K, committed 63488K, used 33937K [0x0000000081e00000, 0x0000000100000000)
  region size 1024K, 2 young (2048K), 2 survivors (2048K)
 Metaspace       used 81857K, committed 82752K, reserved 1179648K
  class space    used 10725K, committed 11136K, reserved 1048576K
}
Event: 882.993 GC heap before
{Heap before GC invocations=101 (full 12):
 garbage-first heap   total reserved 2066432K, committed 63488K, used 53393K [0x0000000081e00000, 0x0000000100000000)
  region size 1024K, 21 young (21504K), 2 survivors (2048K)
 Metaspace       used 82133K, committed 83136K, reserved 1179648K
  class space    used 10741K, committed 11200K, reserved 1048576K
}
Event: 883.000 GC heap after
{Heap after GC invocations=102 (full 12):
 garbage-first heap   total reserved 2066432K, committed 76800K, used 35890K [0x0000000081e00000, 0x0000000100000000)
  region size 1024K, 3 young (3072K), 3 survivors (3072K)
 Metaspace       used 82133K, committed 83136K, reserved 1179648K
  class space    used 10741K, committed 11200K, reserved 1048576K
}
Event: 971.693 GC heap before
{Heap before GC invocations=102 (full 12):
 garbage-first heap   total reserved 2066432K, committed 76800K, used 54322K [0x0000000081e00000, 0x0000000100000000)
  region size 1024K, 22 young (22528K), 3 survivors (3072K)
 Metaspace       used 82265K, committed 83328K, reserved 1179648K
  class space    used 10748K, committed 11200K, reserved 1048576K
}
Event: 971.795 GC heap after
{Heap after GC invocations=103 (full 13):
 garbage-first heap   total reserved 2066432K, committed 76800K, used 31051K [0x0000000081e00000, 0x0000000100000000)
  region size 1024K, 0 young (0K), 0 survivors (0K)
 Metaspace       used 82263K, committed 83328K, reserved 1179648K
  class space    used 10748K, committed 11200K, reserved 1048576K
}
Event: 972.976 GC heap before
{Heap before GC invocations=103 (full 13):
 garbage-first heap   total reserved 2066432K, committed 76800K, used 63819K [0x0000000081e00000, 0x0000000100000000)
  region size 1024K, 32 young (32768K), 0 survivors (0K)
 Metaspace       used 82331K, committed 83392K, reserved 1179648K
  class space    used 10756K, committed 11200K, reserved 1048576K
}
Event: 972.985 GC heap after
{Heap after GC invocations=104 (full 13):
 garbage-first heap   total reserved 2066432K, committed 76800K, used 34250K [0x0000000081e00000, 0x0000000100000000)
  region size 1024K, 4 young (4096K), 4 survivors (4096K)
 Metaspace       used 82331K, committed 83392K, reserved 1179648K
  class space    used 10756K, committed 11200K, reserved 1048576K
}
Event: 974.873 GC heap before
{Heap before GC invocations=105 (full 13):
 garbage-first heap   total reserved 2066432K, committed 76800K, used 63946K [0x0000000081e00000, 0x0000000100000000)
  region size 1024K, 34 young (34816K), 4 survivors (4096K)
 Metaspace       used 82611K, committed 83584K, reserved 1179648K
  class space    used 10772K, committed 11200K, reserved 1048576K
}
Event: 974.886 GC heap after
{Heap after GC invocations=106 (full 13):
 garbage-first heap   total reserved 2066432K, committed 76800K, used 36438K [0x0000000081e00000, 0x0000000100000000)
  region size 1024K, 3 young (3072K), 3 survivors (3072K)
 Metaspace       used 82611K, committed 83584K, reserved 1179648K
  class space    used 10772K, committed 11200K, reserved 1048576K
}
Event: 1000.151 GC heap before
{Heap before GC invocations=106 (full 13):
 garbage-first heap   total reserved 2066432K, committed 76800K, used 47702K [0x0000000081e00000, 0x0000000100000000)
  region size 1024K, 15 young (15360K), 3 survivors (3072K)
 Metaspace       used 82668K, committed 83648K, reserved 1179648K
  class space    used 10775K, committed 11200K, reserved 1048576K
}
Event: 1000.262 GC heap after
{Heap after GC invocations=107 (full 14):
 garbage-first heap   total reserved 2066432K, committed 76800K, used 30619K [0x0000000081e00000, 0x0000000100000000)
  region size 1024K, 0 young (0K), 0 survivors (0K)
 Metaspace       used 82665K, committed 83648K, reserved 1179648K
  class space    used 10774K, committed 11200K, reserved 1048576K
}
Event: 1001.458 GC heap before
{Heap before GC invocations=107 (full 14):
 garbage-first heap   total reserved 2066432K, committed 76800K, used 65435K [0x0000000081e00000, 0x0000000100000000)
  region size 1024K, 34 young (34816K), 0 survivors (0K)
 Metaspace       used 82745K, committed 83712K, reserved 1179648K
  class space    used 10782K, committed 11200K, reserved 1048576K
}
Event: 1001.471 GC heap after
{Heap after GC invocations=108 (full 14):
 garbage-first heap   total reserved 2066432K, committed 76800K, used 33933K [0x0000000081e00000, 0x0000000100000000)
  region size 1024K, 4 young (4096K), 4 survivors (4096K)
 Metaspace       used 82745K, committed 83712K, reserved 1179648K
  class space    used 10782K, committed 11200K, reserved 1048576K
}
Event: 1003.050 GC heap before
{Heap before GC invocations=109 (full 14):
 garbage-first heap   total reserved 2066432K, committed 76800K, used 64653K [0x0000000081e00000, 0x0000000100000000)
  region size 1024K, 35 young (35840K), 4 survivors (4096K)
 Metaspace       used 83053K, committed 84096K, reserved 1179648K
  class space    used 10799K, committed 11264K, reserved 1048576K
}
Event: 1003.063 GC heap after
{Heap after GC invocations=110 (full 14):
 garbage-first heap   total reserved 2066432K, committed 76800K, used 36461K [0x0000000081e00000, 0x0000000100000000)
  region size 1024K, 3 young (3072K), 3 survivors (3072K)
 Metaspace       used 83053K, committed 84096K, reserved 1179648K
  class space    used 10799K, committed 11264K, reserved 1048576K
}
Event: 1251.481 GC heap before
{Heap before GC invocations=110 (full 14):
 garbage-first heap   total reserved 2066432K, committed 76800K, used 67181K [0x0000000081e00000, 0x0000000100000000)
  region size 1024K, 33 young (33792K), 3 survivors (3072K)
 Metaspace       used 83159K, committed 84224K, reserved 1179648K
  class space    used 10807K, committed 11264K, reserved 1048576K
}
Event: 1251.513 GC heap after
{Heap after GC invocations=111 (full 14):
 garbage-first heap   total reserved 2066432K, committed 76800K, used 36513K [0x0000000081e00000, 0x0000000100000000)
  region size 1024K, 1 young (1024K), 1 survivors (1024K)
 Metaspace       used 83159K, committed 84224K, reserved 1179648K
  class space    used 10807K, committed 11264K, reserved 1048576K
}
Event: 1581.115 GC heap before
{Heap before GC invocations=111 (full 14):
 garbage-first heap   total reserved 2066432K, committed 76800K, used 68257K [0x0000000081e00000, 0x0000000100000000)
  region size 1024K, 32 young (32768K), 1 survivors (1024K)
 Metaspace       used 83175K, committed 84224K, reserved 1179648K
  class space    used 10807K, committed 11264K, reserved 1048576K
}
Event: 1581.133 GC heap after
{Heap after GC invocations=112 (full 14):
 garbage-first heap   total reserved 2066432K, committed 76800K, used 36381K [0x0000000081e00000, 0x0000000100000000)
  region size 1024K, 1 young (1024K), 1 survivors (1024K)
 Metaspace       used 83175K, committed 84224K, reserved 1179648K
  class space    used 10807K, committed 11264K, reserved 1048576K
}
Event: 1711.808 GC heap before
{Heap before GC invocations=113 (full 14):
 garbage-first heap   total reserved 2066432K, committed 76800K, used 48669K [0x0000000081e00000, 0x0000000100000000)
  region size 1024K, 14 young (14336K), 1 survivors (1024K)
 Metaspace       used 83220K, committed 84224K, reserved 1179648K
  class space    used 10817K, committed 11264K, reserved 1048576K
}

